---------------------------------------------------------------

[2021-09-21T13:40:55+08:00] ::1 GET tp5.com/
[ error ] [8]未定义变量: name
---------------------------------------------------------------

[2021-09-21T13:41:05+08:00] ::1 GET tp5.com/
[ error ] [8]未定义变量: name
---------------------------------------------------------------

[2021-09-21T13:41:13+08:00] 127.0.0.1 GET tp5.com/
[ error ] [8]未定义变量: name
---------------------------------------------------------------

[2021-09-21T13:41:24+08:00] ::1 GET tp5.com/
[ error ] [8]未定义变量: name
---------------------------------------------------------------

[2021-09-21T13:42:14+08:00] ::1 GET tp5.com/
[ error ] [8]未定义变量: admin
---------------------------------------------------------------

[2021-09-21T13:43:58+08:00] ::1 GET tp5.com/
[ error ] [8]未定义变量: admin
---------------------------------------------------------------

[2021-09-21T13:53:54+08:00] 127.0.0.1 GET tp5.com/
[ error ] [64]Cannot use think\Db as Db because the name is already in use
---------------------------------------------------------------

[2021-09-21T14:01:18+08:00] ::1 GET tp5.com/
[ error ] [0]语法解析错误: syntax error, unexpected '$lubo' (T_VARIABLE), expecting function (T_FUNCTION) or const (T_CONST)
---------------------------------------------------------------

[2021-09-21T14:02:13+08:00] ::1 GET tp5.com/
[ error ] [1]Class 'app\index\controller\Base' not found
---------------------------------------------------------------

[2021-09-21T14:02:24+08:00] ::1 GET tp5.com/
[ error ] [1]Class 'app\index\controller\Base' not found
---------------------------------------------------------------

[2021-09-21T14:02:39+08:00] ::1 GET tp5.com/
[ error ] [1]Class 'app\index\controller\Base' not found
---------------------------------------------------------------

[2021-09-21T14:02:54+08:00] ::1 GET tp5.com/
[ error ] [1]Class 'app\index\controller\Base' not found
