---------------------------------------------------------------

[2022-03-01T20:11:22+08:00] ::1 POST tp5.com/index/index/loginpass.html
[ sql ] [ DB ] CONNECT:[ UseTime:0.030881s ] mysql:host=127.0.0.1;dbname=echo;charset=utf8
[ sql ] [ SQL ] SHOW COLUMNS FROM `user` [ RunTime:0.011957s ]
[ sql ] [ SQL ] SELECT * FROM `user` WHERE  ( UserName=774399166 ) LIMIT 1 [ RunTime:0.002184s ]
[ sql ] [ SQL ] SELECT * FROM `user` WHERE  ( UserName=774399166 ) LIMIT 1 [ RunTime:0.000397s ]
---------------------------------------------------------------

[2022-03-01T20:11:46+08:00] ::1 POST tp5.com/index/index/loginpass.html
[ sql ] [ DB ] CONNECT:[ UseTime:0.019599s ] mysql:host=127.0.0.1;dbname=echo;charset=utf8
[ sql ] [ SQL ] SHOW COLUMNS FROM `user` [ RunTime:0.000793s ]
[ sql ] [ SQL ] SELECT * FROM `user` WHERE  ( UserName=774399166 ) LIMIT 1 [ RunTime:0.000376s ]
[ sql ] [ SQL ] SELECT * FROM `user` WHERE  ( UserName=774399166 ) LIMIT 1 [ RunTime:0.000311s ]
---------------------------------------------------------------

[2022-03-01T20:11:55+08:00] ::1 POST tp5.com/index/index/loginpass.html
[ sql ] [ DB ] CONNECT:[ UseTime:0.009933s ] mysql:host=127.0.0.1;dbname=echo;charset=utf8
[ sql ] [ SQL ] SHOW COLUMNS FROM `user` [ RunTime:0.000667s ]
[ sql ] [ SQL ] SELECT * FROM `user` WHERE  ( UserName=774399166 ) LIMIT 1 [ RunTime:0.000324s ]
[ sql ] [ SQL ] SELECT * FROM `user` WHERE  ( UserName=774399166 ) LIMIT 1 [ RunTime:0.000423s ]
---------------------------------------------------------------

[2022-03-01T20:12:06+08:00] ::1 POST tp5.com/index/index/loginpass.html
[ sql ] [ DB ] CONNECT:[ UseTime:0.000646s ] mysql:host=127.0.0.1;dbname=echo;charset=utf8
[ sql ] [ SQL ] SHOW COLUMNS FROM `user` [ RunTime:0.000904s ]
[ sql ] [ SQL ] SELECT * FROM `user` WHERE  ( UserName=774399166 ) LIMIT 1 [ RunTime:0.000276s ]
[ sql ] [ SQL ] SELECT * FROM `user` WHERE  ( UserName=774399166 ) LIMIT 1 [ RunTime:0.000289s ]
---------------------------------------------------------------

[2022-03-01T20:12:14+08:00] ::1 POST tp5.com/index/index/loginpass.html
[ sql ] [ DB ] CONNECT:[ UseTime:0.020070s ] mysql:host=127.0.0.1;dbname=echo;charset=utf8
[ sql ] [ SQL ] SHOW COLUMNS FROM `user` [ RunTime:0.000863s ]
[ sql ] [ SQL ] SELECT * FROM `user` WHERE  ( UserName=774399166 ) LIMIT 1 [ RunTime:0.000353s ]
[ sql ] [ SQL ] SELECT * FROM `user` WHERE  ( UserName=774399166 ) LIMIT 1 [ RunTime:0.000326s ]
---------------------------------------------------------------

[2022-03-01T20:12:47+08:00] ::1 POST tp5.com/index/index/loginpass.html
[ sql ] [ DB ] CONNECT:[ UseTime:0.022058s ] mysql:host=127.0.0.1;dbname=echo;charset=utf8
[ sql ] [ SQL ] SHOW COLUMNS FROM `user` [ RunTime:0.000814s ]
[ sql ] [ SQL ] SELECT * FROM `user` WHERE  ( UserName=774399166 ) LIMIT 1 [ RunTime:0.000275s ]
[ sql ] [ SQL ] SELECT * FROM `user` WHERE  ( UserName=774399166 ) LIMIT 1 [ RunTime:0.000286s ]
---------------------------------------------------------------

[2022-03-01T20:13:07+08:00] ::1 POST tp5.com/index/index/loginpass.html
[ sql ] [ DB ] CONNECT:[ UseTime:0.000670s ] mysql:host=127.0.0.1;dbname=echo;charset=utf8
[ sql ] [ SQL ] SHOW COLUMNS FROM `user` [ RunTime:0.000752s ]
[ sql ] [ SQL ] SELECT * FROM `user` WHERE  ( UserName=774399166 ) LIMIT 1 [ RunTime:0.000371s ]
[ sql ] [ SQL ] SELECT * FROM `user` WHERE  ( UserName=774399166 ) LIMIT 1 [ RunTime:0.000387s ]
---------------------------------------------------------------

[2022-03-01T20:13:14+08:00] ::1 POST tp5.com/index/index/loginpass.html
[ sql ] [ DB ] CONNECT:[ UseTime:0.011534s ] mysql:host=127.0.0.1;dbname=echo;charset=utf8
[ sql ] [ SQL ] SHOW COLUMNS FROM `user` [ RunTime:0.000982s ]
[ sql ] [ SQL ] SELECT * FROM `user` WHERE  ( UserName=774399166 ) LIMIT 1 [ RunTime:0.000406s ]
[ sql ] [ SQL ] SELECT * FROM `user` WHERE  ( UserName=774399166 ) LIMIT 1 [ RunTime:0.000299s ]
---------------------------------------------------------------

[2022-03-01T20:13:32+08:00] ::1 POST tp5.com/index/index/loginpass.html
[ sql ] [ DB ] CONNECT:[ UseTime:0.025024s ] mysql:host=127.0.0.1;dbname=echo;charset=utf8
[ sql ] [ SQL ] SHOW COLUMNS FROM `user` [ RunTime:0.000715s ]
[ sql ] [ SQL ] SELECT * FROM `user` WHERE  ( UserName=774399166 ) LIMIT 1 [ RunTime:0.000318s ]
[ sql ] [ SQL ] SELECT * FROM `user` WHERE  ( UserName=774399166 ) LIMIT 1 [ RunTime:0.000301s ]
---------------------------------------------------------------

[2022-03-01T20:14:36+08:00] ::1 POST tp5.com/index/index/loginpass.html
[ error ] [0]语法解析错误: syntax error, unexpected '->' (T_OBJECT_OPERATOR), expecting identifier (T_STRING) or variable (T_VARIABLE) or '{' or '$'
---------------------------------------------------------------

[2022-03-01T20:14:46+08:00] ::1 POST tp5.com/index/index/loginpass.html
[ sql ] [ DB ] CONNECT:[ UseTime:0.024519s ] mysql:host=127.0.0.1;dbname=echo;charset=utf8
[ sql ] [ SQL ] SHOW COLUMNS FROM `user` [ RunTime:0.000844s ]
[ sql ] [ SQL ] SELECT `password` FROM `user` WHERE  ( UserName=774399166 ) LIMIT 1 [ RunTime:0.000379s ]
[ sql ] [ SQL ] SELECT * FROM `user` WHERE  ( UserName=774399166 ) LIMIT 1 [ RunTime:0.000324s ]
---------------------------------------------------------------

[2022-03-01T20:15:15+08:00] ::1 POST tp5.com/index/index/loginpass.html
[ sql ] [ DB ] CONNECT:[ UseTime:0.024926s ] mysql:host=127.0.0.1;dbname=echo;charset=utf8
[ sql ] [ SQL ] SHOW COLUMNS FROM `user` [ RunTime:0.000682s ]
[ sql ] [ SQL ] SELECT `password` FROM `user` WHERE  ( UserName=774399166 ) LIMIT 1 [ RunTime:0.000333s ]
[ sql ] [ SQL ] SELECT * FROM `user` WHERE  ( UserName=774399166 ) LIMIT 1 [ RunTime:0.000360s ]
---------------------------------------------------------------

[2022-03-01T20:15:43+08:00] ::1 POST tp5.com/index/index/loginpass.html
[ sql ] [ DB ] CONNECT:[ UseTime:0.023672s ] mysql:host=127.0.0.1;dbname=echo;charset=utf8
[ sql ] [ SQL ] SHOW COLUMNS FROM `user` [ RunTime:0.000702s ]
[ sql ] [ SQL ] SELECT `password` FROM `user` WHERE  ( UserName=774399166 ) LIMIT 1 [ RunTime:0.000315s ]
[ sql ] [ SQL ] SELECT * FROM `user` WHERE  ( UserName=774399166 ) LIMIT 1 [ RunTime:0.000307s ]
[ error ] [8]Array to string conversion
---------------------------------------------------------------

[2022-03-01T20:15:53+08:00] ::1 POST tp5.com/index/index/loginpass.html
[ sql ] [ DB ] CONNECT:[ UseTime:0.022660s ] mysql:host=127.0.0.1;dbname=echo;charset=utf8
[ sql ] [ SQL ] SHOW COLUMNS FROM `user` [ RunTime:0.000703s ]
[ sql ] [ SQL ] SELECT `password` FROM `user` WHERE  ( UserName=774399166 ) LIMIT 1 [ RunTime:0.000336s ]
[ sql ] [ SQL ] SELECT * FROM `user` WHERE  ( UserName=774399166 ) LIMIT 1 [ RunTime:0.000304s ]
[ error ] [8]Array to string conversion
---------------------------------------------------------------

[2022-03-01T20:15:57+08:00] ::1 POST tp5.com/index/index/loginpass.html
[ sql ] [ DB ] CONNECT:[ UseTime:0.020086s ] mysql:host=127.0.0.1;dbname=echo;charset=utf8
[ sql ] [ SQL ] SHOW COLUMNS FROM `user` [ RunTime:0.000794s ]
[ sql ] [ SQL ] SELECT `password` FROM `user` WHERE  ( UserName=774399166 ) LIMIT 1 [ RunTime:0.000299s ]
[ sql ] [ SQL ] SELECT * FROM `user` WHERE  ( UserName=774399166 ) LIMIT 1 [ RunTime:0.000269s ]
---------------------------------------------------------------

[2022-03-01T20:16:02+08:00] ::1 POST tp5.com/index/index/loginpass.html
[ sql ] [ DB ] CONNECT:[ UseTime:0.024637s ] mysql:host=127.0.0.1;dbname=echo;charset=utf8
[ sql ] [ SQL ] SHOW COLUMNS FROM `user` [ RunTime:0.000668s ]
[ sql ] [ SQL ] SELECT `password` FROM `user` WHERE  ( UserName=774399166 ) LIMIT 1 [ RunTime:0.000264s ]
[ sql ] [ SQL ] SELECT * FROM `user` WHERE  ( UserName=774399166 ) LIMIT 1 [ RunTime:0.000236s ]
[ error ] [8]Array to string conversion
---------------------------------------------------------------

[2022-03-01T20:16:26+08:00] ::1 POST tp5.com/index/index/loginpass.html
[ sql ] [ DB ] CONNECT:[ UseTime:0.000732s ] mysql:host=127.0.0.1;dbname=echo;charset=utf8
[ sql ] [ SQL ] SHOW COLUMNS FROM `user` [ RunTime:0.000685s ]
[ sql ] [ SQL ] SELECT `password` FROM `user` WHERE  ( UserName=774399166 ) LIMIT 1 [ RunTime:0.000336s ]
[ sql ] [ SQL ] SELECT * FROM `user` WHERE  ( UserName=774399166 ) LIMIT 1 [ RunTime:0.000348s ]
[ error ] [8]Array to string conversion
---------------------------------------------------------------

[2022-03-01T20:23:34+08:00] ::1 POST tp5.com/index/index/loginpass.html
[运行时间：0.016621s] [吞吐率：60.16req/s] [内存消耗：545.49kb] [文件加载：68]
[ info ] [ LANG ] D:\wamp64\www\echo\thinkphp\lang\zh-cn.php
[ info ] [ ROUTE ] array (
)
[ info ] [ HEADER ] array (
  'host' => 'tp5.com',
  'connection' => 'keep-alive',
  'content-length' => '34',
  'cache-control' => 'max-age=0',
  'upgrade-insecure-requests' => '1',
  'origin' => 'http://tp5.com',
  'content-type' => 'application/x-www-form-urlencoded',
  'user-agent' => 'Mozilla/5.0 (Windows NT 10.0; Win64; x64) AppleWebKit/537.36 (KHTML, like Gecko) Chrome/92.0.4515.159 Safari/537.36',
  'accept' => 'text/html,application/xhtml+xml,application/xml;q=0.9,image/avif,image/webp,image/apng,*/*;q=0.8,application/signed-exchange;v=b3;q=0.9',
  'referer' => 'http://tp5.com/index/index/login.html',
  'accept-encoding' => 'gzip, deflate',
  'accept-language' => 'zh-CN,zh;q=0.9',
)
[ info ] [ PARAM ] array (
  'username' => '774399166',
  'password' => '123456',
)
[ info ] [ DB ] INIT mysql
[ info ] [ VIEW ] D:\wamp64\www\echo\thinkphp\tpl/dispatch_jump.tpl [ array (
  0 => 'code',
  1 => 'msg',
  2 => 'data',
  3 => 'url',
  4 => 'wait',
) ]
[ sql ] [ DB ] CONNECT:[ UseTime:0.000829s ] mysql:host=127.0.0.1;dbname=echo;charset=utf8
[ sql ] [ SQL ] SHOW COLUMNS FROM `user` [ RunTime:0.000717s ]
[ sql ] [ SQL ] SELECT `password` FROM `user` WHERE  ( UserName=774399166 ) LIMIT 1 [ RunTime:0.000394s ]
[ sql ] [ SQL ] SELECT * FROM `user` WHERE  ( UserName=774399166 ) LIMIT 1 [ RunTime:0.000304s ]
---------------------------------------------------------------

[2022-03-01T20:23:38+08:00] ::1 POST tp5.com/index/index/loginpass.html
[运行时间：0.051051s] [吞吐率：19.59req/s] [内存消耗：531.74kb] [文件加载：70]
[ info ] [ LANG ] D:\wamp64\www\echo\thinkphp\lang\zh-cn.php
[ info ] [ ROUTE ] array (
)
[ info ] [ HEADER ] array (
  'host' => 'tp5.com',
  'connection' => 'keep-alive',
  'content-length' => '35',
  'cache-control' => 'max-age=0',
  'upgrade-insecure-requests' => '1',
  'origin' => 'http://tp5.com',
  'content-type' => 'application/x-www-form-urlencoded',
  'user-agent' => 'Mozilla/5.0 (Windows NT 10.0; Win64; x64) AppleWebKit/537.36 (KHTML, like Gecko) Chrome/92.0.4515.159 Safari/537.36',
  'accept' => 'text/html,application/xhtml+xml,application/xml;q=0.9,image/avif,image/webp,image/apng,*/*;q=0.8,application/signed-exchange;v=b3;q=0.9',
  'referer' => 'http://tp5.com/index/index/login.html',
  'accept-encoding' => 'gzip, deflate',
  'accept-language' => 'zh-CN,zh;q=0.9',
)
[ info ] [ PARAM ] array (
  'username' => '774399166',
  'password' => '1234567',
)
[ info ] [ DB ] INIT mysql
[ sql ] [ DB ] CONNECT:[ UseTime:0.025376s ] mysql:host=127.0.0.1;dbname=echo;charset=utf8
[ sql ] [ SQL ] SHOW COLUMNS FROM `user` [ RunTime:0.000794s ]
[ sql ] [ SQL ] SELECT `password` FROM `user` WHERE  ( UserName=774399166 ) LIMIT 1 [ RunTime:0.000357s ]
[ sql ] [ SQL ] SELECT * FROM `user` WHERE  ( UserName=774399166 ) LIMIT 1 [ RunTime:0.000377s ]
[ error ] [8]Array to string conversion[D:\wamp64\www\echo\application\index\controller\Index.php:52]
---------------------------------------------------------------

[2022-03-01T20:25:16+08:00] ::1 POST tp5.com/index/index/loginpass.html
[运行时间：0.038125s] [吞吐率：26.23req/s] [内存消耗：532.84kb] [文件加载：70]
[ info ] [ LANG ] D:\wamp64\www\echo\thinkphp\lang\zh-cn.php
[ info ] [ ROUTE ] array (
)
[ info ] [ HEADER ] array (
  'host' => 'tp5.com',
  'connection' => 'keep-alive',
  'content-length' => '35',
  'cache-control' => 'max-age=0',
  'upgrade-insecure-requests' => '1',
  'origin' => 'http://tp5.com',
  'content-type' => 'application/x-www-form-urlencoded',
  'user-agent' => 'Mozilla/5.0 (Windows NT 10.0; Win64; x64) AppleWebKit/537.36 (KHTML, like Gecko) Chrome/92.0.4515.159 Safari/537.36',
  'accept' => 'text/html,application/xhtml+xml,application/xml;q=0.9,image/avif,image/webp,image/apng,*/*;q=0.8,application/signed-exchange;v=b3;q=0.9',
  'referer' => 'http://tp5.com/index/index/login.html',
  'accept-encoding' => 'gzip, deflate',
  'accept-language' => 'zh-CN,zh;q=0.9',
)
[ info ] [ PARAM ] array (
  'username' => '774399166',
  'password' => '1234567',
)
[ info ] [ DB ] INIT mysql
[ sql ] [ DB ] CONNECT:[ UseTime:0.024776s ] mysql:host=127.0.0.1;dbname=echo;charset=utf8
[ sql ] [ SQL ] SHOW COLUMNS FROM `user` [ RunTime:0.001082s ]
[ sql ] [ SQL ] SELECT `password` FROM `user` WHERE  ( UserName=774399166 ) LIMIT 1 [ RunTime:0.000295s ]
[ sql ] [ SQL ] SELECT * FROM `user` WHERE  ( UserName=774399166 ) LIMIT 1 [ RunTime:0.000306s ]
[ error ] [8]Array to string conversion[D:\wamp64\www\echo\application\index\controller\Index.php:52]
---------------------------------------------------------------

[2022-03-01T20:28:03+08:00] ::1 POST tp5.com/index/index/loginpass.html
[运行时间：0.029199s] [吞吐率：34.25req/s] [内存消耗：601.61kb] [文件加载：70]
[ info ] [ LANG ] D:\wamp64\www\echo\thinkphp\lang\zh-cn.php
[ info ] [ ROUTE ] array (
)
[ info ] [ HEADER ] array (
  'host' => 'tp5.com',
  'connection' => 'keep-alive',
  'content-length' => '35',
  'cache-control' => 'max-age=0',
  'upgrade-insecure-requests' => '1',
  'origin' => 'http://tp5.com',
  'content-type' => 'application/x-www-form-urlencoded',
  'user-agent' => 'Mozilla/5.0 (Windows NT 10.0; Win64; x64) AppleWebKit/537.36 (KHTML, like Gecko) Chrome/92.0.4515.159 Safari/537.36',
  'accept' => 'text/html,application/xhtml+xml,application/xml;q=0.9,image/avif,image/webp,image/apng,*/*;q=0.8,application/signed-exchange;v=b3;q=0.9',
  'referer' => 'http://tp5.com/index/index/login.html',
  'accept-encoding' => 'gzip, deflate',
  'accept-language' => 'zh-CN,zh;q=0.9',
)
[ info ] [ PARAM ] array (
  'username' => '774399166',
  'password' => '1234567',
)
[ info ] [ DB ] INIT mysql
[ sql ] [ DB ] CONNECT:[ UseTime:0.014821s ] mysql:host=127.0.0.1;dbname=echo;charset=utf8
[ sql ] [ SQL ] SHOW COLUMNS FROM `user` [ RunTime:0.000878s ]
[ sql ] [ SQL ] SELECT `password` FROM `user` WHERE  ( UserName=774399166 ) LIMIT 1 [ RunTime:0.000360s ]
[ sql ] [ SQL ] SELECT * FROM `user` WHERE  ( UserName=774399166 ) LIMIT 1 [ RunTime:0.000309s ]
[ sql ] [ SQL ] SHOW COLUMNS FROM `userlogs` [ RunTime:0.000811s ]
[ error ] [8]未定义数组下标: 0[D:\wamp64\www\echo\thinkphp\library\think\db\Builder.php:143]
---------------------------------------------------------------

[2022-03-01T20:29:03+08:00] ::1 POST tp5.com/index/index/loginpass.html
[运行时间：0.022987s] [吞吐率：43.50req/s] [内存消耗：542.52kb] [文件加载：64]
[ info ] [ LANG ] D:\wamp64\www\echo\thinkphp\lang\zh-cn.php
[ info ] [ ROUTE ] array (
)
[ info ] [ HEADER ] array (
  'host' => 'tp5.com',
  'connection' => 'keep-alive',
  'content-length' => '35',
  'cache-control' => 'max-age=0',
  'upgrade-insecure-requests' => '1',
  'origin' => 'http://tp5.com',
  'content-type' => 'application/x-www-form-urlencoded',
  'user-agent' => 'Mozilla/5.0 (Windows NT 10.0; Win64; x64) AppleWebKit/537.36 (KHTML, like Gecko) Chrome/92.0.4515.159 Safari/537.36',
  'accept' => 'text/html,application/xhtml+xml,application/xml;q=0.9,image/avif,image/webp,image/apng,*/*;q=0.8,application/signed-exchange;v=b3;q=0.9',
  'referer' => 'http://tp5.com/index/index/login.html',
  'accept-encoding' => 'gzip, deflate',
  'accept-language' => 'zh-CN,zh;q=0.9',
)
[ info ] [ PARAM ] array (
  'username' => '774399166',
  'password' => '1234567',
)
[ info ] [ DB ] INIT mysql
[ sql ] [ DB ] CONNECT:[ UseTime:0.000649s ] mysql:host=127.0.0.1;dbname=echo;charset=utf8
[ sql ] [ SQL ] SHOW COLUMNS FROM `user` [ RunTime:0.004476s ]
[ sql ] [ SQL ] SELECT `password` FROM `user` WHERE  ( UserName=774399166 ) LIMIT 1 [ RunTime:0.000404s ]
[ sql ] [ SQL ] SELECT * FROM `user` WHERE  ( UserName=774399166 ) LIMIT 1 [ RunTime:0.000316s ]
---------------------------------------------------------------

[2022-03-01T20:30:12+08:00] ::1 POST tp5.com/index/index/loginpass.html
[运行时间：0.028172s] [吞吐率：35.50req/s] [内存消耗：542.77kb] [文件加载：64]
[ info ] [ LANG ] D:\wamp64\www\echo\thinkphp\lang\zh-cn.php
[ info ] [ ROUTE ] array (
)
[ info ] [ HEADER ] array (
  'host' => 'tp5.com',
  'connection' => 'keep-alive',
  'content-length' => '35',
  'cache-control' => 'max-age=0',
  'upgrade-insecure-requests' => '1',
  'user-agent' => 'Mozilla/5.0 (Windows NT 10.0; Win64; x64) AppleWebKit/537.36 (KHTML, like Gecko) Chrome/92.0.4515.159 Safari/537.36',
  'origin' => 'http://tp5.com',
  'content-type' => 'application/x-www-form-urlencoded',
  'accept' => 'text/html,application/xhtml+xml,application/xml;q=0.9,image/avif,image/webp,image/apng,*/*;q=0.8,application/signed-exchange;v=b3;q=0.9',
  'referer' => 'http://tp5.com/index/index/login.html',
  'accept-encoding' => 'gzip, deflate',
  'accept-language' => 'zh-CN,zh;q=0.9',
)
[ info ] [ PARAM ] array (
  'username' => '774399166',
  'password' => '1234567',
)
[ info ] [ DB ] INIT mysql
[ sql ] [ DB ] CONNECT:[ UseTime:0.017819s ] mysql:host=127.0.0.1;dbname=echo;charset=utf8
[ sql ] [ SQL ] SHOW COLUMNS FROM `user` [ RunTime:0.000838s ]
[ sql ] [ SQL ] SELECT `password` FROM `user` WHERE  ( UserName=774399166 ) LIMIT 1 [ RunTime:0.000351s ]
[ sql ] [ SQL ] SELECT * FROM `user` WHERE  ( UserName=774399166 ) LIMIT 1 [ RunTime:0.000340s ]
---------------------------------------------------------------

[2022-03-01T20:30:25+08:00] ::1 POST tp5.com/index/index/loginpass.html
[运行时间：0.022458s] [吞吐率：44.53req/s] [内存消耗：542.77kb] [文件加载：64]
[ info ] [ LANG ] D:\wamp64\www\echo\thinkphp\lang\zh-cn.php
[ info ] [ ROUTE ] array (
)
[ info ] [ HEADER ] array (
  'host' => 'tp5.com',
  'connection' => 'keep-alive',
  'content-length' => '35',
  'cache-control' => 'max-age=0',
  'upgrade-insecure-requests' => '1',
  'user-agent' => 'Mozilla/5.0 (Windows NT 10.0; Win64; x64) AppleWebKit/537.36 (KHTML, like Gecko) Chrome/92.0.4515.159 Safari/537.36',
  'origin' => 'http://tp5.com',
  'content-type' => 'application/x-www-form-urlencoded',
  'accept' => 'text/html,application/xhtml+xml,application/xml;q=0.9,image/avif,image/webp,image/apng,*/*;q=0.8,application/signed-exchange;v=b3;q=0.9',
  'referer' => 'http://tp5.com/index/index/login.html',
  'accept-encoding' => 'gzip, deflate',
  'accept-language' => 'zh-CN,zh;q=0.9',
)
[ info ] [ PARAM ] array (
  'username' => '774399166',
  'password' => '1234567',
)
[ info ] [ DB ] INIT mysql
[ sql ] [ DB ] CONNECT:[ UseTime:0.014586s ] mysql:host=127.0.0.1;dbname=echo;charset=utf8
[ sql ] [ SQL ] SHOW COLUMNS FROM `user` [ RunTime:0.000677s ]
[ sql ] [ SQL ] SELECT `password` FROM `user` WHERE  ( UserName=774399166 ) LIMIT 1 [ RunTime:0.000283s ]
[ sql ] [ SQL ] SELECT * FROM `user` WHERE  ( UserName=774399166 ) LIMIT 1 [ RunTime:0.000235s ]
---------------------------------------------------------------

[2022-03-01T20:30:56+08:00] ::1 POST tp5.com/index/index/loginpass.html
[运行时间：0.022824s] [吞吐率：43.81req/s] [内存消耗：542.77kb] [文件加载：64]
[ info ] [ LANG ] D:\wamp64\www\echo\thinkphp\lang\zh-cn.php
[ info ] [ ROUTE ] array (
)
[ info ] [ HEADER ] array (
  'host' => 'tp5.com',
  'connection' => 'keep-alive',
  'content-length' => '35',
  'cache-control' => 'max-age=0',
  'upgrade-insecure-requests' => '1',
  'user-agent' => 'Mozilla/5.0 (Windows NT 10.0; Win64; x64) AppleWebKit/537.36 (KHTML, like Gecko) Chrome/92.0.4515.159 Safari/537.36',
  'origin' => 'http://tp5.com',
  'content-type' => 'application/x-www-form-urlencoded',
  'accept' => 'text/html,application/xhtml+xml,application/xml;q=0.9,image/avif,image/webp,image/apng,*/*;q=0.8,application/signed-exchange;v=b3;q=0.9',
  'referer' => 'http://tp5.com/index/index/login.html',
  'accept-encoding' => 'gzip, deflate',
  'accept-language' => 'zh-CN,zh;q=0.9',
)
[ info ] [ PARAM ] array (
  'username' => '774399166',
  'password' => '1234567',
)
[ info ] [ DB ] INIT mysql
[ sql ] [ DB ] CONNECT:[ UseTime:0.014808s ] mysql:host=127.0.0.1;dbname=echo;charset=utf8
[ sql ] [ SQL ] SHOW COLUMNS FROM `user` [ RunTime:0.000704s ]
[ sql ] [ SQL ] SELECT `password` FROM `user` WHERE  ( UserName=774399166 ) LIMIT 1 [ RunTime:0.000357s ]
[ sql ] [ SQL ] SELECT * FROM `user` WHERE  ( UserName=774399166 ) LIMIT 1 [ RunTime:0.000377s ]
---------------------------------------------------------------

[2022-03-01T20:31:04+08:00] ::1 POST tp5.com/index/index/loginpass.html
[运行时间：0.026757s] [吞吐率：37.37req/s] [内存消耗：542.77kb] [文件加载：64]
[ info ] [ LANG ] D:\wamp64\www\echo\thinkphp\lang\zh-cn.php
[ info ] [ ROUTE ] array (
)
[ info ] [ HEADER ] array (
  'host' => 'tp5.com',
  'connection' => 'keep-alive',
  'content-length' => '35',
  'cache-control' => 'max-age=0',
  'upgrade-insecure-requests' => '1',
  'user-agent' => 'Mozilla/5.0 (Windows NT 10.0; Win64; x64) AppleWebKit/537.36 (KHTML, like Gecko) Chrome/92.0.4515.159 Safari/537.36',
  'origin' => 'http://tp5.com',
  'content-type' => 'application/x-www-form-urlencoded',
  'accept' => 'text/html,application/xhtml+xml,application/xml;q=0.9,image/avif,image/webp,image/apng,*/*;q=0.8,application/signed-exchange;v=b3;q=0.9',
  'referer' => 'http://tp5.com/index/index/login.html',
  'accept-encoding' => 'gzip, deflate',
  'accept-language' => 'zh-CN,zh;q=0.9',
)
[ info ] [ PARAM ] array (
  'username' => '774399166',
  'password' => '1234567',
)
[ info ] [ DB ] INIT mysql
[ sql ] [ DB ] CONNECT:[ UseTime:0.015869s ] mysql:host=127.0.0.1;dbname=echo;charset=utf8
[ sql ] [ SQL ] SHOW COLUMNS FROM `user` [ RunTime:0.000797s ]
[ sql ] [ SQL ] SELECT `password` FROM `user` WHERE  ( UserName=774399166 ) LIMIT 1 [ RunTime:0.000343s ]
[ sql ] [ SQL ] SELECT * FROM `user` WHERE  ( UserName=774399166 ) LIMIT 1 [ RunTime:0.000315s ]
---------------------------------------------------------------

[2022-03-01T20:31:11+08:00] ::1 POST tp5.com/index/index/loginpass.html
[运行时间：0.029970s] [吞吐率：33.37req/s] [内存消耗：542.77kb] [文件加载：64]
[ info ] [ LANG ] D:\wamp64\www\echo\thinkphp\lang\zh-cn.php
[ info ] [ ROUTE ] array (
)
[ info ] [ HEADER ] array (
  'host' => 'tp5.com',
  'connection' => 'keep-alive',
  'content-length' => '35',
  'cache-control' => 'max-age=0',
  'upgrade-insecure-requests' => '1',
  'user-agent' => 'Mozilla/5.0 (Windows NT 10.0; Win64; x64) AppleWebKit/537.36 (KHTML, like Gecko) Chrome/92.0.4515.159 Safari/537.36',
  'origin' => 'http://tp5.com',
  'content-type' => 'application/x-www-form-urlencoded',
  'accept' => 'text/html,application/xhtml+xml,application/xml;q=0.9,image/avif,image/webp,image/apng,*/*;q=0.8,application/signed-exchange;v=b3;q=0.9',
  'referer' => 'http://tp5.com/index/index/login.html',
  'accept-encoding' => 'gzip, deflate',
  'accept-language' => 'zh-CN,zh;q=0.9',
)
[ info ] [ PARAM ] array (
  'username' => '774399166',
  'password' => '1234567',
)
[ info ] [ DB ] INIT mysql
[ sql ] [ DB ] CONNECT:[ UseTime:0.022265s ] mysql:host=127.0.0.1;dbname=echo;charset=utf8
[ sql ] [ SQL ] SHOW COLUMNS FROM `user` [ RunTime:0.000682s ]
[ sql ] [ SQL ] SELECT `password` FROM `user` WHERE  ( UserName=774399166 ) LIMIT 1 [ RunTime:0.000338s ]
[ sql ] [ SQL ] SELECT * FROM `user` WHERE  ( UserName=774399166 ) LIMIT 1 [ RunTime:0.000317s ]
---------------------------------------------------------------

[2022-03-01T20:31:17+08:00] ::1 POST tp5.com/index/index/loginpass.html
[运行时间：0.034129s] [吞吐率：29.30req/s] [内存消耗：542.77kb] [文件加载：64]
[ info ] [ LANG ] D:\wamp64\www\echo\thinkphp\lang\zh-cn.php
[ info ] [ ROUTE ] array (
)
[ info ] [ HEADER ] array (
  'host' => 'tp5.com',
  'connection' => 'keep-alive',
  'content-length' => '35',
  'cache-control' => 'max-age=0',
  'upgrade-insecure-requests' => '1',
  'user-agent' => 'Mozilla/5.0 (Windows NT 10.0; Win64; x64) AppleWebKit/537.36 (KHTML, like Gecko) Chrome/92.0.4515.159 Safari/537.36',
  'origin' => 'http://tp5.com',
  'content-type' => 'application/x-www-form-urlencoded',
  'accept' => 'text/html,application/xhtml+xml,application/xml;q=0.9,image/avif,image/webp,image/apng,*/*;q=0.8,application/signed-exchange;v=b3;q=0.9',
  'referer' => 'http://tp5.com/index/index/login.html',
  'accept-encoding' => 'gzip, deflate',
  'accept-language' => 'zh-CN,zh;q=0.9',
)
[ info ] [ PARAM ] array (
  'username' => '774399166',
  'password' => '1234567',
)
[ info ] [ DB ] INIT mysql
[ sql ] [ DB ] CONNECT:[ UseTime:0.025778s ] mysql:host=127.0.0.1;dbname=echo;charset=utf8
[ sql ] [ SQL ] SHOW COLUMNS FROM `user` [ RunTime:0.001120s ]
[ sql ] [ SQL ] SELECT `password` FROM `user` WHERE  ( UserName=774399166 ) LIMIT 1 [ RunTime:0.000361s ]
[ sql ] [ SQL ] SELECT * FROM `user` WHERE  ( UserName=774399166 ) LIMIT 1 [ RunTime:0.000332s ]
---------------------------------------------------------------

[2022-03-01T20:31:30+08:00] ::1 POST tp5.com/index/index/loginpass.html
[运行时间：0.034661s] [吞吐率：28.85req/s] [内存消耗：601.61kb] [文件加载：70]
[ info ] [ LANG ] D:\wamp64\www\echo\thinkphp\lang\zh-cn.php
[ info ] [ ROUTE ] array (
)
[ info ] [ HEADER ] array (
  'host' => 'tp5.com',
  'connection' => 'keep-alive',
  'content-length' => '35',
  'cache-control' => 'max-age=0',
  'upgrade-insecure-requests' => '1',
  'user-agent' => 'Mozilla/5.0 (Windows NT 10.0; Win64; x64) AppleWebKit/537.36 (KHTML, like Gecko) Chrome/92.0.4515.159 Safari/537.36',
  'origin' => 'http://tp5.com',
  'content-type' => 'application/x-www-form-urlencoded',
  'accept' => 'text/html,application/xhtml+xml,application/xml;q=0.9,image/avif,image/webp,image/apng,*/*;q=0.8,application/signed-exchange;v=b3;q=0.9',
  'referer' => 'http://tp5.com/index/index/login.html',
  'accept-encoding' => 'gzip, deflate',
  'accept-language' => 'zh-CN,zh;q=0.9',
)
[ info ] [ PARAM ] array (
  'username' => '774399166',
  'password' => '1234567',
)
[ info ] [ DB ] INIT mysql
[ sql ] [ DB ] CONNECT:[ UseTime:0.024012s ] mysql:host=127.0.0.1;dbname=echo;charset=utf8
[ sql ] [ SQL ] SHOW COLUMNS FROM `user` [ RunTime:0.000667s ]
[ sql ] [ SQL ] SELECT `password` FROM `user` WHERE  ( UserName=774399166 ) LIMIT 1 [ RunTime:0.000313s ]
[ sql ] [ SQL ] SELECT * FROM `user` WHERE  ( UserName=774399166 ) LIMIT 1 [ RunTime:0.000376s ]
[ sql ] [ SQL ] SHOW COLUMNS FROM `userlogs` [ RunTime:0.000640s ]
[ error ] [8]未定义数组下标: 0[D:\wamp64\www\echo\thinkphp\library\think\db\Builder.php:143]
---------------------------------------------------------------

[2022-03-01T20:32:05+08:00] ::1 POST tp5.com/index/index/loginpass.html
[运行时间：0.037662s] [吞吐率：26.55req/s] [内存消耗：516.41kb] [文件加载：68]
[ info ] [ LANG ] D:\wamp64\www\echo\thinkphp\lang\zh-cn.php
[ info ] [ ROUTE ] array (
)
[ info ] [ HEADER ] array (
  'host' => 'tp5.com',
  'connection' => 'keep-alive',
  'content-length' => '35',
  'cache-control' => 'max-age=0',
  'upgrade-insecure-requests' => '1',
  'user-agent' => 'Mozilla/5.0 (Windows NT 10.0; Win64; x64) AppleWebKit/537.36 (KHTML, like Gecko) Chrome/92.0.4515.159 Safari/537.36',
  'origin' => 'http://tp5.com',
  'content-type' => 'application/x-www-form-urlencoded',
  'accept' => 'text/html,application/xhtml+xml,application/xml;q=0.9,image/avif,image/webp,image/apng,*/*;q=0.8,application/signed-exchange;v=b3;q=0.9',
  'referer' => 'http://tp5.com/index/index/login.html',
  'accept-encoding' => 'gzip, deflate',
  'accept-language' => 'zh-CN,zh;q=0.9',
)
[ info ] [ PARAM ] array (
  'username' => '774399166',
  'password' => '1234567',
)
[ info ] [ DB ] INIT mysql
[ info ] [ VIEW ] D:\wamp64\www\echo\thinkphp\tpl/dispatch_jump.tpl [ array (
  0 => 'code',
  1 => 'msg',
  2 => 'data',
  3 => 'url',
  4 => 'wait',
) ]
[ sql ] [ DB ] CONNECT:[ UseTime:0.021133s ] mysql:host=127.0.0.1;dbname=echo;charset=utf8
[ sql ] [ SQL ] SHOW COLUMNS FROM `user` [ RunTime:0.000732s ]
[ sql ] [ SQL ] SELECT `password` FROM `user` WHERE  ( UserName=774399166 ) LIMIT 1 [ RunTime:0.000455s ]
[ sql ] [ SQL ] SELECT `Uid` FROM `user` WHERE  ( UserName=774399166 ) LIMIT 1 [ RunTime:0.000349s ]
[ sql ] [ SQL ] SHOW COLUMNS FROM `userlogs` [ RunTime:0.000896s ]
[ sql ] [ SQL ] INSERT INTO `userlogs` (`Uid` , `Active` , `Date`) VALUES (1 , 1 , '2022-03-01 20:32:05') [ RunTime:0.005162s ]
---------------------------------------------------------------

[2022-03-01T20:32:08+08:00] ::1 GET tp5.com/index/index/login.html
[运行时间：0.006225s] [吞吐率：160.64req/s] [内存消耗：363.25kb] [文件加载：63]
[ info ] [ LANG ] D:\wamp64\www\echo\thinkphp\lang\zh-cn.php
[ info ] [ ROUTE ] array (
)
[ info ] [ HEADER ] array (
  'host' => 'tp5.com',
  'connection' => 'keep-alive',
  'upgrade-insecure-requests' => '1',
  'user-agent' => 'Mozilla/5.0 (Windows NT 10.0; Win64; x64) AppleWebKit/537.36 (KHTML, like Gecko) Chrome/92.0.4515.159 Safari/537.36',
  'accept' => 'text/html,application/xhtml+xml,application/xml;q=0.9,image/avif,image/webp,image/apng,*/*;q=0.8,application/signed-exchange;v=b3;q=0.9',
  'referer' => 'http://tp5.com/index/index/loginpass.html',
  'accept-encoding' => 'gzip, deflate',
  'accept-language' => 'zh-CN,zh;q=0.9',
)
[ info ] [ PARAM ] array (
)
[ info ] [ VIEW ] D:\wamp64\www\echo\application\index\view\index\login.html [ array (
) ]
---------------------------------------------------------------

[2022-03-01T20:33:22+08:00] ::1 GET tp5.com/index/index/login.html
[运行时间：0.008138s] [吞吐率：122.88req/s] [内存消耗：378.82kb] [文件加载：63]
[ info ] [ LANG ] D:\wamp64\www\echo\thinkphp\lang\zh-cn.php
[ info ] [ ROUTE ] array (
)
[ info ] [ HEADER ] array (
  'host' => 'tp5.com',
  'connection' => 'keep-alive',
  'cache-control' => 'max-age=0',
  'upgrade-insecure-requests' => '1',
  'user-agent' => 'Mozilla/5.0 (Windows NT 10.0; Win64; x64) AppleWebKit/537.36 (KHTML, like Gecko) Chrome/92.0.4515.159 Safari/537.36',
  'accept' => 'text/html,application/xhtml+xml,application/xml;q=0.9,image/avif,image/webp,image/apng,*/*;q=0.8,application/signed-exchange;v=b3;q=0.9',
  'referer' => 'http://tp5.com/index/index/loginpass.html',
  'accept-encoding' => 'gzip, deflate',
  'accept-language' => 'zh-CN,zh;q=0.9',
)
[ info ] [ PARAM ] array (
)
[ info ] [ VIEW ] D:\wamp64\www\echo\application\index\view\index\login.html [ array (
) ]
---------------------------------------------------------------

[2022-03-01T20:33:30+08:00] ::1 POST tp5.com/index/index/loginpass.html
[运行时间：0.030937s] [吞吐率：32.32req/s] [内存消耗：545.93kb] [文件加载：64]
[ info ] [ LANG ] D:\wamp64\www\echo\thinkphp\lang\zh-cn.php
[ info ] [ ROUTE ] array (
)
[ info ] [ HEADER ] array (
  'host' => 'tp5.com',
  'connection' => 'keep-alive',
  'content-length' => '35',
  'cache-control' => 'max-age=0',
  'upgrade-insecure-requests' => '1',
  'origin' => 'http://tp5.com',
  'content-type' => 'application/x-www-form-urlencoded',
  'user-agent' => 'Mozilla/5.0 (Windows NT 10.0; Win64; x64) AppleWebKit/537.36 (KHTML, like Gecko) Chrome/92.0.4515.159 Safari/537.36',
  'accept' => 'text/html,application/xhtml+xml,application/xml;q=0.9,image/avif,image/webp,image/apng,*/*;q=0.8,application/signed-exchange;v=b3;q=0.9',
  'referer' => 'http://tp5.com/index/index/login.html',
  'accept-encoding' => 'gzip, deflate',
  'accept-language' => 'zh-CN,zh;q=0.9',
)
[ info ] [ PARAM ] array (
  'username' => '774399166',
  'password' => '1234567',
)
[ info ] [ DB ] INIT mysql
[ sql ] [ DB ] CONNECT:[ UseTime:0.020462s ] mysql:host=127.0.0.1;dbname=echo;charset=utf8
[ sql ] [ SQL ] SHOW COLUMNS FROM `user` [ RunTime:0.000929s ]
[ sql ] [ SQL ] SELECT `password` FROM `user` WHERE  ( UserName=774399166 ) LIMIT 1 [ RunTime:0.000343s ]
[ sql ] [ SQL ] SELECT `Uid` FROM `user` WHERE  ( UserName=774399166 ) LIMIT 1 [ RunTime:0.000287s ]
---------------------------------------------------------------

[2022-03-01T20:35:11+08:00] ::1 POST tp5.com/index/index/loginpass.html
[运行时间：0.029950s] [吞吐率：33.39req/s] [内存消耗：529.64kb] [文件加载：69]
[ info ] [ LANG ] D:\wamp64\www\echo\thinkphp\lang\zh-cn.php
[ info ] [ ROUTE ] array (
)
[ info ] [ HEADER ] array (
  'host' => 'tp5.com',
  'connection' => 'keep-alive',
  'content-length' => '35',
  'cache-control' => 'max-age=0',
  'upgrade-insecure-requests' => '1',
  'user-agent' => 'Mozilla/5.0 (Windows NT 10.0; Win64; x64) AppleWebKit/537.36 (KHTML, like Gecko) Chrome/92.0.4515.159 Safari/537.36',
  'origin' => 'http://tp5.com',
  'content-type' => 'application/x-www-form-urlencoded',
  'accept' => 'text/html,application/xhtml+xml,application/xml;q=0.9,image/avif,image/webp,image/apng,*/*;q=0.8,application/signed-exchange;v=b3;q=0.9',
  'referer' => 'http://tp5.com/index/index/login.html',
  'accept-encoding' => 'gzip, deflate',
  'accept-language' => 'zh-CN,zh;q=0.9',
)
[ info ] [ PARAM ] array (
  'username' => '774399166',
  'password' => '1234567',
)
[ info ] [ DB ] INIT mysql
[ sql ] [ DB ] CONNECT:[ UseTime:0.019024s ] mysql:host=127.0.0.1;dbname=echo;charset=utf8
[ sql ] [ SQL ] SHOW COLUMNS FROM `user` [ RunTime:0.000677s ]
[ sql ] [ SQL ] SELECT `password` FROM `user` WHERE  ( UserName=774399166 ) LIMIT 1 [ RunTime:0.000308s ]
[ sql ] [ SQL ] SELECT `Uid` FROM `user` WHERE  ( UserName=774399166 ) LIMIT 1 [ RunTime:0.000306s ]
[ error ] [0]致命错误: Call to undefined function app\index\controller\getip()[D:\wamp64\www\echo\application\index\controller\Index.php:65]
---------------------------------------------------------------

[2022-03-01T20:35:28+08:00] ::1 POST tp5.com/index/index/loginpass.html
[运行时间：0.030284s] [吞吐率：33.02req/s] [内存消耗：529.64kb] [文件加载：69]
[ info ] [ LANG ] D:\wamp64\www\echo\thinkphp\lang\zh-cn.php
[ info ] [ ROUTE ] array (
)
[ info ] [ HEADER ] array (
  'host' => 'tp5.com',
  'connection' => 'keep-alive',
  'content-length' => '35',
  'cache-control' => 'max-age=0',
  'upgrade-insecure-requests' => '1',
  'user-agent' => 'Mozilla/5.0 (Windows NT 10.0; Win64; x64) AppleWebKit/537.36 (KHTML, like Gecko) Chrome/92.0.4515.159 Safari/537.36',
  'origin' => 'http://tp5.com',
  'content-type' => 'application/x-www-form-urlencoded',
  'accept' => 'text/html,application/xhtml+xml,application/xml;q=0.9,image/avif,image/webp,image/apng,*/*;q=0.8,application/signed-exchange;v=b3;q=0.9',
  'referer' => 'http://tp5.com/index/index/login.html',
  'accept-encoding' => 'gzip, deflate',
  'accept-language' => 'zh-CN,zh;q=0.9',
)
[ info ] [ PARAM ] array (
  'username' => '774399166',
  'password' => '1234567',
)
[ info ] [ DB ] INIT mysql
[ sql ] [ DB ] CONNECT:[ UseTime:0.019802s ] mysql:host=127.0.0.1;dbname=echo;charset=utf8
[ sql ] [ SQL ] SHOW COLUMNS FROM `user` [ RunTime:0.000684s ]
[ sql ] [ SQL ] SELECT `password` FROM `user` WHERE  ( UserName=774399166 ) LIMIT 1 [ RunTime:0.000309s ]
[ sql ] [ SQL ] SELECT `Uid` FROM `user` WHERE  ( UserName=774399166 ) LIMIT 1 [ RunTime:0.000267s ]
[ error ] [0]致命错误: Call to undefined function app\index\controller\getip()[D:\wamp64\www\echo\application\index\controller\Index.php:65]
---------------------------------------------------------------

[2022-03-01T20:35:53+08:00] ::1 POST tp5.com/index/index/loginpass.html
[运行时间：0.028993s] [吞吐率：34.49req/s] [内存消耗：529.61kb] [文件加载：69]
[ info ] [ LANG ] D:\wamp64\www\echo\thinkphp\lang\zh-cn.php
[ info ] [ ROUTE ] array (
)
[ info ] [ HEADER ] array (
  'host' => 'tp5.com',
  'connection' => 'keep-alive',
  'content-length' => '35',
  'cache-control' => 'max-age=0',
  'upgrade-insecure-requests' => '1',
  'user-agent' => 'Mozilla/5.0 (Windows NT 10.0; Win64; x64) AppleWebKit/537.36 (KHTML, like Gecko) Chrome/92.0.4515.159 Safari/537.36',
  'origin' => 'http://tp5.com',
  'content-type' => 'application/x-www-form-urlencoded',
  'accept' => 'text/html,application/xhtml+xml,application/xml;q=0.9,image/avif,image/webp,image/apng,*/*;q=0.8,application/signed-exchange;v=b3;q=0.9',
  'referer' => 'http://tp5.com/index/index/login.html',
  'accept-encoding' => 'gzip, deflate',
  'accept-language' => 'zh-CN,zh;q=0.9',
)
[ info ] [ PARAM ] array (
  'username' => '774399166',
  'password' => '1234567',
)
[ info ] [ DB ] INIT mysql
[ sql ] [ DB ] CONNECT:[ UseTime:0.017400s ] mysql:host=127.0.0.1;dbname=echo;charset=utf8
[ sql ] [ SQL ] SHOW COLUMNS FROM `user` [ RunTime:0.000777s ]
[ sql ] [ SQL ] SELECT `password` FROM `user` WHERE  ( UserName=774399166 ) LIMIT 1 [ RunTime:0.000343s ]
[ sql ] [ SQL ] SELECT `Uid` FROM `user` WHERE  ( UserName=774399166 ) LIMIT 1 [ RunTime:0.000256s ]
[ error ] [0]致命错误: Class 'app\index\validate\getip' not found[D:\wamp64\www\echo\application\index\controller\Index.php:65]
---------------------------------------------------------------

[2022-03-01T20:36:02+08:00] ::1 POST tp5.com/index/index/loginpass.html
[运行时间：0.013143s] [吞吐率：76.09req/s] [内存消耗：529.61kb] [文件加载：69]
[ info ] [ LANG ] D:\wamp64\www\echo\thinkphp\lang\zh-cn.php
[ info ] [ ROUTE ] array (
)
[ info ] [ HEADER ] array (
  'host' => 'tp5.com',
  'connection' => 'keep-alive',
  'content-length' => '35',
  'cache-control' => 'max-age=0',
  'upgrade-insecure-requests' => '1',
  'user-agent' => 'Mozilla/5.0 (Windows NT 10.0; Win64; x64) AppleWebKit/537.36 (KHTML, like Gecko) Chrome/92.0.4515.159 Safari/537.36',
  'origin' => 'http://tp5.com',
  'content-type' => 'application/x-www-form-urlencoded',
  'accept' => 'text/html,application/xhtml+xml,application/xml;q=0.9,image/avif,image/webp,image/apng,*/*;q=0.8,application/signed-exchange;v=b3;q=0.9',
  'referer' => 'http://tp5.com/index/index/login.html',
  'accept-encoding' => 'gzip, deflate',
  'accept-language' => 'zh-CN,zh;q=0.9',
)
[ info ] [ PARAM ] array (
  'username' => '774399166',
  'password' => '1234567',
)
[ info ] [ DB ] INIT mysql
[ sql ] [ DB ] CONNECT:[ UseTime:0.000613s ] mysql:host=127.0.0.1;dbname=echo;charset=utf8
[ sql ] [ SQL ] SHOW COLUMNS FROM `user` [ RunTime:0.000662s ]
[ sql ] [ SQL ] SELECT `password` FROM `user` WHERE  ( UserName=774399166 ) LIMIT 1 [ RunTime:0.000263s ]
[ sql ] [ SQL ] SELECT `Uid` FROM `user` WHERE  ( UserName=774399166 ) LIMIT 1 [ RunTime:0.000226s ]
[ error ] [0]致命错误: Class 'app\index\getip' not found[D:\wamp64\www\echo\application\index\controller\Index.php:65]
---------------------------------------------------------------

[2022-03-01T20:47:22+08:00] ::1 POST tp5.com/index/index/loginpass.html
[运行时间：0.012402s] [吞吐率：80.63req/s] [内存消耗：539.96kb] [文件加载：64]
[ info ] [ LANG ] D:\wamp64\www\echo\thinkphp\lang\zh-cn.php
[ info ] [ ROUTE ] array (
)
[ info ] [ HEADER ] array (
  'host' => 'tp5.com',
  'connection' => 'keep-alive',
  'content-length' => '35',
  'cache-control' => 'max-age=0',
  'upgrade-insecure-requests' => '1',
  'user-agent' => 'Mozilla/5.0 (Windows NT 10.0; Win64; x64) AppleWebKit/537.36 (KHTML, like Gecko) Chrome/92.0.4515.159 Safari/537.36',
  'origin' => 'http://tp5.com',
  'content-type' => 'application/x-www-form-urlencoded',
  'accept' => 'text/html,application/xhtml+xml,application/xml;q=0.9,image/avif,image/webp,image/apng,*/*;q=0.8,application/signed-exchange;v=b3;q=0.9',
  'referer' => 'http://tp5.com/index/index/login.html',
  'accept-encoding' => 'gzip, deflate',
  'accept-language' => 'zh-CN,zh;q=0.9',
)
[ info ] [ PARAM ] array (
  'username' => '774399166',
  'password' => '1234567',
)
[ info ] [ DB ] INIT mysql
[ sql ] [ DB ] CONNECT:[ UseTime:0.001125s ] mysql:host=127.0.0.1;dbname=echo;charset=utf8
[ sql ] [ SQL ] SHOW COLUMNS FROM `user` [ RunTime:0.000872s ]
[ sql ] [ SQL ] SELECT `password` FROM `user` WHERE  ( UserName=774399166 ) LIMIT 1 [ RunTime:0.000351s ]
[ sql ] [ SQL ] SELECT `Uid` FROM `user` WHERE  ( UserName=774399166 ) LIMIT 1 [ RunTime:0.000320s ]
