---------------------------------------------------------------

[2022-03-28T21:19:10+08:00] ::1 GET tp5.com/
[运行时间：0.517028s] [吞吐率：1.93req/s] [内存消耗：575.97kb] [文件加载：62]
[ info ] [ LANG ] D:\wamp64\www\echo\thinkphp\lang\zh-cn.php
[ info ] [ ROUTE ] array (
)
[ info ] [ HEADER ] array (
  'host' => 'tp5.com',
  'connection' => 'keep-alive',
  'upgrade-insecure-requests' => '1',
  'user-agent' => 'Mozilla/5.0 (Windows NT 10.0; Win64; x64) AppleWebKit/537.36 (KHTML, like Gecko) Chrome/92.0.4515.159 Safari/537.36',
  'accept' => 'text/html,application/xhtml+xml,application/xml;q=0.9,image/avif,image/webp,image/apng,*/*;q=0.8,application/signed-exchange;v=b3;q=0.9',
  'accept-encoding' => 'gzip, deflate',
  'accept-language' => 'zh-CN,zh;q=0.9',
)
[ info ] [ PARAM ] array (
)
[ info ] [ VIEW ] D:\wamp64\www\echo\application\index\view\index\index.html [ array (
  0 => 'name',
) ]
---------------------------------------------------------------

[2022-03-28T21:19:18+08:00] ::1 GET tp5.com/index/index/login.html
[运行时间：0.035102s] [吞吐率：28.49req/s] [内存消耗：364.35kb] [文件加载：63]
[ info ] [ LANG ] D:\wamp64\www\echo\thinkphp\lang\zh-cn.php
[ info ] [ ROUTE ] array (
)
[ info ] [ HEADER ] array (
  'host' => 'tp5.com',
  'connection' => 'keep-alive',
  'upgrade-insecure-requests' => '1',
  'user-agent' => 'Mozilla/5.0 (Windows NT 10.0; Win64; x64) AppleWebKit/537.36 (KHTML, like Gecko) Chrome/92.0.4515.159 Safari/537.36',
  'accept' => 'text/html,application/xhtml+xml,application/xml;q=0.9,image/avif,image/webp,image/apng,*/*;q=0.8,application/signed-exchange;v=b3;q=0.9',
  'referer' => 'http://tp5.com/',
  'accept-encoding' => 'gzip, deflate',
  'accept-language' => 'zh-CN,zh;q=0.9',
)
[ info ] [ PARAM ] array (
)
[ info ] [ VIEW ] D:\wamp64\www\echo\application\index\view\index\login.html [ array (
) ]
---------------------------------------------------------------

[2022-03-28T21:21:40+08:00] ::1 POST tp5.com/index/index/loginpass.html
[运行时间：0.117876s] [吞吐率：8.48req/s] [内存消耗：609.71kb] [文件加载：68]
[ info ] [ LANG ] D:\wamp64\www\echo\thinkphp\lang\zh-cn.php
[ info ] [ ROUTE ] array (
)
[ info ] [ HEADER ] array (
  'host' => 'tp5.com',
  'connection' => 'keep-alive',
  'content-length' => '34',
  'cache-control' => 'max-age=0',
  'upgrade-insecure-requests' => '1',
  'origin' => 'http://tp5.com',
  'content-type' => 'application/x-www-form-urlencoded',
  'user-agent' => 'Mozilla/5.0 (Windows NT 10.0; Win64; x64) AppleWebKit/537.36 (KHTML, like Gecko) Chrome/92.0.4515.159 Safari/537.36',
  'accept' => 'text/html,application/xhtml+xml,application/xml;q=0.9,image/avif,image/webp,image/apng,*/*;q=0.8,application/signed-exchange;v=b3;q=0.9',
  'referer' => 'http://tp5.com/index/index/login.html',
  'accept-encoding' => 'gzip, deflate',
  'accept-language' => 'zh-CN,zh;q=0.9',
)
[ info ] [ PARAM ] array (
  'username' => '774399166',
  'password' => '123456',
)
[ info ] [ DB ] INIT mysql
[ info ] [ VIEW ] D:\wamp64\www\echo\thinkphp\tpl/dispatch_jump.tpl [ array (
  0 => 'code',
  1 => 'msg',
  2 => 'data',
  3 => 'url',
  4 => 'wait',
) ]
[ sql ] [ DB ] CONNECT:[ UseTime:0.021712s ] mysql:host=127.0.0.1;dbname=echo;charset=utf8
[ sql ] [ SQL ] SHOW COLUMNS FROM `user` [ RunTime:0.005191s ]
[ sql ] [ SQL ] SELECT `password` FROM `user` WHERE  ( UserName=774399166 ) LIMIT 1 [ RunTime:0.000254s ]
[ sql ] [ SQL ] SELECT `Uid` FROM `user` WHERE  ( UserName=774399166 ) LIMIT 1 [ RunTime:0.000288s ]
---------------------------------------------------------------

[2022-03-28T21:21:52+08:00] ::1 POST tp5.com/index/index/loginpass.html
[运行时间：0.023804s] [吞吐率：42.01req/s] [内存消耗：544.65kb] [文件加载：68]
[ info ] [ LANG ] D:\wamp64\www\echo\thinkphp\lang\zh-cn.php
[ info ] [ ROUTE ] array (
)
[ info ] [ HEADER ] array (
  'host' => 'tp5.com',
  'connection' => 'keep-alive',
  'content-length' => '34',
  'cache-control' => 'max-age=0',
  'upgrade-insecure-requests' => '1',
  'origin' => 'http://tp5.com',
  'content-type' => 'application/x-www-form-urlencoded',
  'user-agent' => 'Mozilla/5.0 (Windows NT 10.0; Win64; x64) AppleWebKit/537.36 (KHTML, like Gecko) Chrome/92.0.4515.159 Safari/537.36',
  'accept' => 'text/html,application/xhtml+xml,application/xml;q=0.9,image/avif,image/webp,image/apng,*/*;q=0.8,application/signed-exchange;v=b3;q=0.9',
  'referer' => 'http://tp5.com/index/index/login.html',
  'accept-encoding' => 'gzip, deflate',
  'accept-language' => 'zh-CN,zh;q=0.9',
)
[ info ] [ PARAM ] array (
  'username' => '774399166',
  'password' => '123456',
)
[ info ] [ DB ] INIT mysql
[ info ] [ VIEW ] D:\wamp64\www\echo\thinkphp\tpl/dispatch_jump.tpl [ array (
  0 => 'code',
  1 => 'msg',
  2 => 'data',
  3 => 'url',
  4 => 'wait',
) ]
[ sql ] [ DB ] CONNECT:[ UseTime:0.012114s ] mysql:host=127.0.0.1;dbname=echo;charset=utf8
[ sql ] [ SQL ] SHOW COLUMNS FROM `user` [ RunTime:0.000747s ]
[ sql ] [ SQL ] SELECT `password` FROM `user` WHERE  ( UserName=774399166 ) LIMIT 1 [ RunTime:0.000321s ]
[ sql ] [ SQL ] SELECT `Uid` FROM `user` WHERE  ( UserName=774399166 ) LIMIT 1 [ RunTime:0.000309s ]
---------------------------------------------------------------

[2022-03-28T21:22:32+08:00] ::1 GET tp5.com/index/index/login.html
[运行时间：0.056572s] [吞吐率：17.68req/s] [内存消耗：379.62kb] [文件加载：65]
[ info ] [ LANG ] D:\wamp64\www\echo\thinkphp\lang\zh-cn.php
[ info ] [ ROUTE ] array (
)
[ info ] [ HEADER ] array (
  'host' => 'tp5.com',
  'connection' => 'keep-alive',
  'cache-control' => 'max-age=0',
  'upgrade-insecure-requests' => '1',
  'user-agent' => 'Mozilla/5.0 (Windows NT 10.0; Win64; x64) AppleWebKit/537.36 (KHTML, like Gecko) Chrome/92.0.4515.159 Safari/537.36',
  'accept' => 'text/html,application/xhtml+xml,application/xml;q=0.9,image/avif,image/webp,image/apng,*/*;q=0.8,application/signed-exchange;v=b3;q=0.9',
  'referer' => 'http://tp5.com/',
  'accept-encoding' => 'gzip, deflate',
  'accept-language' => 'zh-CN,zh;q=0.9',
)
[ info ] [ PARAM ] array (
)
[ info ] [ VIEW ] D:\wamp64\www\echo\application\index\view\index\login.html [ array (
) ]
---------------------------------------------------------------

[2022-03-28T21:22:35+08:00] ::1 GET tp5.com/index/index/login.html
[运行时间：0.013350s] [吞吐率：74.91req/s] [内存消耗：378.65kb] [文件加载：65]
[ info ] [ LANG ] D:\wamp64\www\echo\thinkphp\lang\zh-cn.php
[ info ] [ ROUTE ] array (
)
[ info ] [ HEADER ] array (
  'host' => 'tp5.com',
  'connection' => 'keep-alive',
  'cache-control' => 'max-age=0',
  'upgrade-insecure-requests' => '1',
  'user-agent' => 'Mozilla/5.0 (Windows NT 10.0; Win64; x64) AppleWebKit/537.36 (KHTML, like Gecko) Chrome/92.0.4515.159 Safari/537.36',
  'accept' => 'text/html,application/xhtml+xml,application/xml;q=0.9,image/avif,image/webp,image/apng,*/*;q=0.8,application/signed-exchange;v=b3;q=0.9',
  'referer' => 'http://tp5.com/',
  'accept-encoding' => 'gzip, deflate',
  'accept-language' => 'zh-CN,zh;q=0.9',
)
[ info ] [ PARAM ] array (
)
[ info ] [ VIEW ] D:\wamp64\www\echo\application\index\view\index\login.html [ array (
) ]
---------------------------------------------------------------

[2022-03-28T21:27:16+08:00] ::1 GET tp5.com/index/index/login.html
[运行时间：0.018031s] [吞吐率：55.46req/s] [内存消耗：378.65kb] [文件加载：65]
[ info ] [ LANG ] D:\wamp64\www\echo\thinkphp\lang\zh-cn.php
[ info ] [ ROUTE ] array (
)
[ info ] [ HEADER ] array (
  'host' => 'tp5.com',
  'connection' => 'keep-alive',
  'cache-control' => 'max-age=0',
  'upgrade-insecure-requests' => '1',
  'user-agent' => 'Mozilla/5.0 (Windows NT 10.0; Win64; x64) AppleWebKit/537.36 (KHTML, like Gecko) Chrome/92.0.4515.159 Safari/537.36',
  'accept' => 'text/html,application/xhtml+xml,application/xml;q=0.9,image/avif,image/webp,image/apng,*/*;q=0.8,application/signed-exchange;v=b3;q=0.9',
  'referer' => 'http://tp5.com/',
  'accept-encoding' => 'gzip, deflate',
  'accept-language' => 'zh-CN,zh;q=0.9',
)
[ info ] [ PARAM ] array (
)
[ info ] [ VIEW ] D:\wamp64\www\echo\application\index\view\index\login.html [ array (
) ]
---------------------------------------------------------------

[2022-03-28T21:27:16+08:00] ::1 GET tp5.com/static/jq
[运行时间：0.067507s] [吞吐率：14.81req/s] [内存消耗：244.16kb] [文件加载：50]
[ info ] [ LANG ] D:\wamp64\www\echo\thinkphp\lang\zh-cn.php
---------------------------------------------------------------

[2022-03-28T21:27:17+08:00] ::1 GET tp5.com/static/jq
[运行时间：0.004379s] [吞吐率：228.36req/s] [内存消耗：242.80kb] [文件加载：50]
[ info ] [ LANG ] D:\wamp64\www\echo\thinkphp\lang\zh-cn.php
---------------------------------------------------------------

[2022-03-28T21:28:09+08:00] ::1 GET tp5.com/index/index/login.html
[运行时间：0.016000s] [吞吐率：62.50req/s] [内存消耗：379.65kb] [文件加载：65]
[ info ] [ LANG ] D:\wamp64\www\echo\thinkphp\lang\zh-cn.php
[ info ] [ ROUTE ] array (
)
[ info ] [ HEADER ] array (
  'host' => 'tp5.com',
  'connection' => 'keep-alive',
  'cache-control' => 'max-age=0',
  'upgrade-insecure-requests' => '1',
  'user-agent' => 'Mozilla/5.0 (Windows NT 10.0; Win64; x64) AppleWebKit/537.36 (KHTML, like Gecko) Chrome/92.0.4515.159 Safari/537.36',
  'accept' => 'text/html,application/xhtml+xml,application/xml;q=0.9,image/avif,image/webp,image/apng,*/*;q=0.8,application/signed-exchange;v=b3;q=0.9',
  'referer' => 'http://tp5.com/',
  'accept-encoding' => 'gzip, deflate',
  'accept-language' => 'zh-CN,zh;q=0.9',
)
[ info ] [ PARAM ] array (
)
[ info ] [ VIEW ] D:\wamp64\www\echo\application\index\view\index\login.html [ array (
) ]
---------------------------------------------------------------

[2022-03-28T21:28:09+08:00] ::1 GET tp5.com/static/jq
[运行时间：0.005291s] [吞吐率：189.00req/s] [内存消耗：242.80kb] [文件加载：50]
[ info ] [ LANG ] D:\wamp64\www\echo\thinkphp\lang\zh-cn.php
---------------------------------------------------------------

[2022-03-28T21:28:27+08:00] ::1 GET tp5.com/index/index/login.html
[运行时间：0.020967s] [吞吐率：47.69req/s] [内存消耗：378.65kb] [文件加载：65]
[ info ] [ LANG ] D:\wamp64\www\echo\thinkphp\lang\zh-cn.php
[ info ] [ ROUTE ] array (
)
[ info ] [ HEADER ] array (
  'host' => 'tp5.com',
  'connection' => 'keep-alive',
  'cache-control' => 'max-age=0',
  'upgrade-insecure-requests' => '1',
  'user-agent' => 'Mozilla/5.0 (Windows NT 10.0; Win64; x64) AppleWebKit/537.36 (KHTML, like Gecko) Chrome/92.0.4515.159 Safari/537.36',
  'accept' => 'text/html,application/xhtml+xml,application/xml;q=0.9,image/avif,image/webp,image/apng,*/*;q=0.8,application/signed-exchange;v=b3;q=0.9',
  'referer' => 'http://tp5.com/',
  'accept-encoding' => 'gzip, deflate',
  'accept-language' => 'zh-CN,zh;q=0.9',
)
[ info ] [ PARAM ] array (
)
[ info ] [ VIEW ] D:\wamp64\www\echo\application\index\view\index\login.html [ array (
) ]
---------------------------------------------------------------

[2022-03-28T21:29:14+08:00] ::1 GET tp5.com/index/index/login.html
[运行时间：0.015615s] [吞吐率：64.04req/s] [内存消耗：378.65kb] [文件加载：65]
[ info ] [ LANG ] D:\wamp64\www\echo\thinkphp\lang\zh-cn.php
[ info ] [ ROUTE ] array (
)
[ info ] [ HEADER ] array (
  'host' => 'tp5.com',
  'connection' => 'keep-alive',
  'cache-control' => 'max-age=0',
  'upgrade-insecure-requests' => '1',
  'user-agent' => 'Mozilla/5.0 (Windows NT 10.0; Win64; x64) AppleWebKit/537.36 (KHTML, like Gecko) Chrome/92.0.4515.159 Safari/537.36',
  'accept' => 'text/html,application/xhtml+xml,application/xml;q=0.9,image/avif,image/webp,image/apng,*/*;q=0.8,application/signed-exchange;v=b3;q=0.9',
  'referer' => 'http://tp5.com/',
  'accept-encoding' => 'gzip, deflate',
  'accept-language' => 'zh-CN,zh;q=0.9',
)
[ info ] [ PARAM ] array (
)
[ info ] [ VIEW ] D:\wamp64\www\echo\application\index\view\index\login.html [ array (
) ]
---------------------------------------------------------------

[2022-03-28T21:29:33+08:00] ::1 GET tp5.com/index/index/login.html
[运行时间：0.015124s] [吞吐率：66.12req/s] [内存消耗：378.65kb] [文件加载：65]
[ info ] [ LANG ] D:\wamp64\www\echo\thinkphp\lang\zh-cn.php
[ info ] [ ROUTE ] array (
)
[ info ] [ HEADER ] array (
  'host' => 'tp5.com',
  'connection' => 'keep-alive',
  'cache-control' => 'max-age=0',
  'upgrade-insecure-requests' => '1',
  'user-agent' => 'Mozilla/5.0 (Windows NT 10.0; Win64; x64) AppleWebKit/537.36 (KHTML, like Gecko) Chrome/92.0.4515.159 Safari/537.36',
  'accept' => 'text/html,application/xhtml+xml,application/xml;q=0.9,image/avif,image/webp,image/apng,*/*;q=0.8,application/signed-exchange;v=b3;q=0.9',
  'referer' => 'http://tp5.com/',
  'accept-encoding' => 'gzip, deflate',
  'accept-language' => 'zh-CN,zh;q=0.9',
)
[ info ] [ PARAM ] array (
)
[ info ] [ VIEW ] D:\wamp64\www\echo\application\index\view\index\login.html [ array (
) ]
---------------------------------------------------------------

[2022-03-28T21:29:35+08:00] ::1 GET tp5.com/index/index/login.html
[运行时间：0.005518s] [吞吐率：181.23req/s] [内存消耗：364.01kb] [文件加载：63]
[ info ] [ LANG ] D:\wamp64\www\echo\thinkphp\lang\zh-cn.php
[ info ] [ ROUTE ] array (
)
[ info ] [ HEADER ] array (
  'host' => 'tp5.com',
  'connection' => 'keep-alive',
  'cache-control' => 'max-age=0',
  'upgrade-insecure-requests' => '1',
  'user-agent' => 'Mozilla/5.0 (Windows NT 10.0; Win64; x64) AppleWebKit/537.36 (KHTML, like Gecko) Chrome/92.0.4515.159 Safari/537.36',
  'accept' => 'text/html,application/xhtml+xml,application/xml;q=0.9,image/avif,image/webp,image/apng,*/*;q=0.8,application/signed-exchange;v=b3;q=0.9',
  'referer' => 'http://tp5.com/',
  'accept-encoding' => 'gzip, deflate',
  'accept-language' => 'zh-CN,zh;q=0.9',
)
[ info ] [ PARAM ] array (
)
[ info ] [ VIEW ] D:\wamp64\www\echo\application\index\view\index\login.html [ array (
) ]
---------------------------------------------------------------

[2022-03-28T21:29:59+08:00] ::1 GET tp5.com/index/index/login.html
[运行时间：0.017430s] [吞吐率：57.37req/s] [内存消耗：378.65kb] [文件加载：65]
[ info ] [ LANG ] D:\wamp64\www\echo\thinkphp\lang\zh-cn.php
[ info ] [ ROUTE ] array (
)
[ info ] [ HEADER ] array (
  'host' => 'tp5.com',
  'connection' => 'keep-alive',
  'cache-control' => 'max-age=0',
  'upgrade-insecure-requests' => '1',
  'user-agent' => 'Mozilla/5.0 (Windows NT 10.0; Win64; x64) AppleWebKit/537.36 (KHTML, like Gecko) Chrome/92.0.4515.159 Safari/537.36',
  'accept' => 'text/html,application/xhtml+xml,application/xml;q=0.9,image/avif,image/webp,image/apng,*/*;q=0.8,application/signed-exchange;v=b3;q=0.9',
  'referer' => 'http://tp5.com/',
  'accept-encoding' => 'gzip, deflate',
  'accept-language' => 'zh-CN,zh;q=0.9',
)
[ info ] [ PARAM ] array (
)
[ info ] [ VIEW ] D:\wamp64\www\echo\application\index\view\index\login.html [ array (
) ]
---------------------------------------------------------------

[2022-03-28T21:30:17+08:00] ::1 GET tp5.com/index/index/login.html
[运行时间：0.014832s] [吞吐率：67.42req/s] [内存消耗：378.65kb] [文件加载：65]
[ info ] [ LANG ] D:\wamp64\www\echo\thinkphp\lang\zh-cn.php
[ info ] [ ROUTE ] array (
)
[ info ] [ HEADER ] array (
  'host' => 'tp5.com',
  'connection' => 'keep-alive',
  'cache-control' => 'max-age=0',
  'upgrade-insecure-requests' => '1',
  'user-agent' => 'Mozilla/5.0 (Windows NT 10.0; Win64; x64) AppleWebKit/537.36 (KHTML, like Gecko) Chrome/92.0.4515.159 Safari/537.36',
  'accept' => 'text/html,application/xhtml+xml,application/xml;q=0.9,image/avif,image/webp,image/apng,*/*;q=0.8,application/signed-exchange;v=b3;q=0.9',
  'referer' => 'http://tp5.com/',
  'accept-encoding' => 'gzip, deflate',
  'accept-language' => 'zh-CN,zh;q=0.9',
)
[ info ] [ PARAM ] array (
)
[ info ] [ VIEW ] D:\wamp64\www\echo\application\index\view\index\login.html [ array (
) ]
---------------------------------------------------------------

[2022-03-28T21:30:45+08:00] ::1 GET tp5.com/index/index/login.html
[运行时间：0.016242s] [吞吐率：61.57req/s] [内存消耗：379.65kb] [文件加载：65]
[ info ] [ LANG ] D:\wamp64\www\echo\thinkphp\lang\zh-cn.php
[ info ] [ ROUTE ] array (
)
[ info ] [ HEADER ] array (
  'host' => 'tp5.com',
  'connection' => 'keep-alive',
  'cache-control' => 'max-age=0',
  'upgrade-insecure-requests' => '1',
  'user-agent' => 'Mozilla/5.0 (Windows NT 10.0; Win64; x64) AppleWebKit/537.36 (KHTML, like Gecko) Chrome/92.0.4515.159 Safari/537.36',
  'accept' => 'text/html,application/xhtml+xml,application/xml;q=0.9,image/avif,image/webp,image/apng,*/*;q=0.8,application/signed-exchange;v=b3;q=0.9',
  'referer' => 'http://tp5.com/',
  'accept-encoding' => 'gzip, deflate',
  'accept-language' => 'zh-CN,zh;q=0.9',
)
[ info ] [ PARAM ] array (
)
[ info ] [ VIEW ] D:\wamp64\www\echo\application\index\view\index\login.html [ array (
) ]
---------------------------------------------------------------

[2022-03-28T21:32:34+08:00] ::1 GET tp5.com/index/index/login.html
[运行时间：0.017694s] [吞吐率：56.52req/s] [内存消耗：379.65kb] [文件加载：65]
[ info ] [ LANG ] D:\wamp64\www\echo\thinkphp\lang\zh-cn.php
[ info ] [ ROUTE ] array (
)
[ info ] [ HEADER ] array (
  'host' => 'tp5.com',
  'connection' => 'keep-alive',
  'cache-control' => 'max-age=0',
  'upgrade-insecure-requests' => '1',
  'user-agent' => 'Mozilla/5.0 (Windows NT 10.0; Win64; x64) AppleWebKit/537.36 (KHTML, like Gecko) Chrome/92.0.4515.159 Safari/537.36',
  'accept' => 'text/html,application/xhtml+xml,application/xml;q=0.9,image/avif,image/webp,image/apng,*/*;q=0.8,application/signed-exchange;v=b3;q=0.9',
  'referer' => 'http://tp5.com/',
  'accept-encoding' => 'gzip, deflate',
  'accept-language' => 'zh-CN,zh;q=0.9',
)
[ info ] [ PARAM ] array (
)
[ info ] [ VIEW ] D:\wamp64\www\echo\application\index\view\index\login.html [ array (
) ]
---------------------------------------------------------------

[2022-03-28T21:32:52+08:00] ::1 GET tp5.com/index/index/login.html
[运行时间：0.018028s] [吞吐率：55.47req/s] [内存消耗：379.65kb] [文件加载：65]
[ info ] [ LANG ] D:\wamp64\www\echo\thinkphp\lang\zh-cn.php
[ info ] [ ROUTE ] array (
)
[ info ] [ HEADER ] array (
  'host' => 'tp5.com',
  'connection' => 'keep-alive',
  'cache-control' => 'max-age=0',
  'upgrade-insecure-requests' => '1',
  'user-agent' => 'Mozilla/5.0 (Windows NT 10.0; Win64; x64) AppleWebKit/537.36 (KHTML, like Gecko) Chrome/92.0.4515.159 Safari/537.36',
  'accept' => 'text/html,application/xhtml+xml,application/xml;q=0.9,image/avif,image/webp,image/apng,*/*;q=0.8,application/signed-exchange;v=b3;q=0.9',
  'referer' => 'http://tp5.com/',
  'accept-encoding' => 'gzip, deflate',
  'accept-language' => 'zh-CN,zh;q=0.9',
)
[ info ] [ PARAM ] array (
)
[ info ] [ VIEW ] D:\wamp64\www\echo\application\index\view\index\login.html [ array (
) ]
---------------------------------------------------------------

[2022-03-28T21:32:54+08:00] ::1 GET tp5.com/index/index/login.html
[运行时间：0.008025s] [吞吐率：124.61req/s] [内存消耗：364.01kb] [文件加载：63]
[ info ] [ LANG ] D:\wamp64\www\echo\thinkphp\lang\zh-cn.php
[ info ] [ ROUTE ] array (
)
[ info ] [ HEADER ] array (
  'host' => 'tp5.com',
  'connection' => 'keep-alive',
  'cache-control' => 'max-age=0',
  'upgrade-insecure-requests' => '1',
  'user-agent' => 'Mozilla/5.0 (Windows NT 10.0; Win64; x64) AppleWebKit/537.36 (KHTML, like Gecko) Chrome/92.0.4515.159 Safari/537.36',
  'accept' => 'text/html,application/xhtml+xml,application/xml;q=0.9,image/avif,image/webp,image/apng,*/*;q=0.8,application/signed-exchange;v=b3;q=0.9',
  'referer' => 'http://tp5.com/',
  'accept-encoding' => 'gzip, deflate',
  'accept-language' => 'zh-CN,zh;q=0.9',
)
[ info ] [ PARAM ] array (
)
[ info ] [ VIEW ] D:\wamp64\www\echo\application\index\view\index\login.html [ array (
) ]
---------------------------------------------------------------

[2022-03-28T21:33:30+08:00] ::1 GET tp5.com/index/index/login.html
[运行时间：0.017027s] [吞吐率：58.73req/s] [内存消耗：379.65kb] [文件加载：65]
[ info ] [ LANG ] D:\wamp64\www\echo\thinkphp\lang\zh-cn.php
[ info ] [ ROUTE ] array (
)
[ info ] [ HEADER ] array (
  'host' => 'tp5.com',
  'connection' => 'keep-alive',
  'cache-control' => 'max-age=0',
  'upgrade-insecure-requests' => '1',
  'user-agent' => 'Mozilla/5.0 (Windows NT 10.0; Win64; x64) AppleWebKit/537.36 (KHTML, like Gecko) Chrome/92.0.4515.159 Safari/537.36',
  'accept' => 'text/html,application/xhtml+xml,application/xml;q=0.9,image/avif,image/webp,image/apng,*/*;q=0.8,application/signed-exchange;v=b3;q=0.9',
  'referer' => 'http://tp5.com/',
  'accept-encoding' => 'gzip, deflate',
  'accept-language' => 'zh-CN,zh;q=0.9',
)
[ info ] [ PARAM ] array (
)
[ info ] [ VIEW ] D:\wamp64\www\echo\application\index\view\index\login.html [ array (
) ]
---------------------------------------------------------------

[2022-03-28T21:38:09+08:00] ::1 GET tp5.com/index/index/login.html
[运行时间：0.019332s] [吞吐率：51.73req/s] [内存消耗：382.43kb] [文件加载：65]
[ info ] [ LANG ] D:\wamp64\www\echo\thinkphp\lang\zh-cn.php
[ info ] [ ROUTE ] array (
)
[ info ] [ HEADER ] array (
  'host' => 'tp5.com',
  'connection' => 'keep-alive',
  'cache-control' => 'max-age=0',
  'upgrade-insecure-requests' => '1',
  'user-agent' => 'Mozilla/5.0 (Windows NT 10.0; Win64; x64) AppleWebKit/537.36 (KHTML, like Gecko) Chrome/92.0.4515.159 Safari/537.36',
  'accept' => 'text/html,application/xhtml+xml,application/xml;q=0.9,image/avif,image/webp,image/apng,*/*;q=0.8,application/signed-exchange;v=b3;q=0.9',
  'referer' => 'http://tp5.com/',
  'accept-encoding' => 'gzip, deflate',
  'accept-language' => 'zh-CN,zh;q=0.9',
)
[ info ] [ PARAM ] array (
)
[ info ] [ VIEW ] D:\wamp64\www\echo\application\index\view\index\login.html [ array (
) ]
---------------------------------------------------------------

[2022-03-28T21:38:16+08:00] ::1 POST tp5.com/index/index/loginconfim.php
[运行时间：0.008043s] [吞吐率：124.33req/s] [内存消耗：346.60kb] [文件加载：63]
[ info ] [ LANG ] D:\wamp64\www\echo\thinkphp\lang\zh-cn.php
[ info ] [ ROUTE ] array (
)
[ info ] [ HEADER ] array (
  'host' => 'tp5.com',
  'connection' => 'keep-alive',
  'content-length' => '34',
  'accept' => 'text/html, */*; q=0.01',
  'x-requested-with' => 'XMLHttpRequest',
  'user-agent' => 'Mozilla/5.0 (Windows NT 10.0; Win64; x64) AppleWebKit/537.36 (KHTML, like Gecko) Chrome/92.0.4515.159 Safari/537.36',
  'content-type' => 'application/x-www-form-urlencoded; charset=UTF-8',
  'origin' => 'http://tp5.com',
  'referer' => 'http://tp5.com/index/index/login.html',
  'accept-encoding' => 'gzip, deflate',
  'accept-language' => 'zh-CN,zh;q=0.9',
)
[ info ] [ PARAM ] array (
  'username' => '774399166',
  'password' => '123456',
)
---------------------------------------------------------------

[2022-03-28T21:38:30+08:00] ::1 GET tp5.com/index/index/login.html
[运行时间：0.017131s] [吞吐率：58.37req/s] [内存消耗：381.65kb] [文件加载：65]
[ info ] [ LANG ] D:\wamp64\www\echo\thinkphp\lang\zh-cn.php
[ info ] [ ROUTE ] array (
)
[ info ] [ HEADER ] array (
  'host' => 'tp5.com',
  'connection' => 'keep-alive',
  'cache-control' => 'max-age=0',
  'upgrade-insecure-requests' => '1',
  'user-agent' => 'Mozilla/5.0 (Windows NT 10.0; Win64; x64) AppleWebKit/537.36 (KHTML, like Gecko) Chrome/92.0.4515.159 Safari/537.36',
  'accept' => 'text/html,application/xhtml+xml,application/xml;q=0.9,image/avif,image/webp,image/apng,*/*;q=0.8,application/signed-exchange;v=b3;q=0.9',
  'referer' => 'http://tp5.com/',
  'accept-encoding' => 'gzip, deflate',
  'accept-language' => 'zh-CN,zh;q=0.9',
)
[ info ] [ PARAM ] array (
)
[ info ] [ VIEW ] D:\wamp64\www\echo\application\index\view\index\login.html [ array (
) ]
---------------------------------------------------------------

[2022-03-28T21:38:38+08:00] ::1 POST tp5.com/index/index/loginpass.html
[运行时间：0.032618s] [吞吐率：30.66req/s] [内存消耗：523.01kb] [文件加载：65]
[ info ] [ LANG ] D:\wamp64\www\echo\thinkphp\lang\zh-cn.php
[ info ] [ ROUTE ] array (
)
[ info ] [ HEADER ] array (
  'host' => 'tp5.com',
  'connection' => 'keep-alive',
  'content-length' => '49',
  'cache-control' => 'max-age=0',
  'upgrade-insecure-requests' => '1',
  'origin' => 'http://tp5.com',
  'content-type' => 'application/x-www-form-urlencoded',
  'user-agent' => 'Mozilla/5.0 (Windows NT 10.0; Win64; x64) AppleWebKit/537.36 (KHTML, like Gecko) Chrome/92.0.4515.159 Safari/537.36',
  'accept' => 'text/html,application/xhtml+xml,application/xml;q=0.9,image/avif,image/webp,image/apng,*/*;q=0.8,application/signed-exchange;v=b3;q=0.9',
  'referer' => 'http://tp5.com/index/index/login.html',
  'accept-encoding' => 'gzip, deflate',
  'accept-language' => 'zh-CN,zh;q=0.9',
)
[ info ] [ PARAM ] array (
  'username' => '774399166',
  'password' => '123456',
  'submit' => 'Sign up',
)
[ info ] [ DB ] INIT mysql
[ sql ] [ DB ] CONNECT:[ UseTime:0.024243s ] mysql:host=127.0.0.1;dbname=echo;charset=utf8
[ sql ] [ SQL ] SHOW COLUMNS FROM `user` [ RunTime:0.000954s ]
[ sql ] [ SQL ] SELECT `password` FROM `user` WHERE  ( UserName=774399166 ) LIMIT 1 [ RunTime:0.000332s ]
[ sql ] [ SQL ] SELECT `Uid` FROM `user` WHERE  ( UserName=774399166 ) LIMIT 1 [ RunTime:0.000307s ]
---------------------------------------------------------------

[2022-03-28T21:39:57+08:00] ::1 GET tp5.com/index/index/login.html
[运行时间：0.016357s] [吞吐率：61.14req/s] [内存消耗：381.65kb] [文件加载：65]
[ info ] [ LANG ] D:\wamp64\www\echo\thinkphp\lang\zh-cn.php
[ info ] [ ROUTE ] array (
)
[ info ] [ HEADER ] array (
  'host' => 'tp5.com',
  'connection' => 'keep-alive',
  'cache-control' => 'max-age=0',
  'upgrade-insecure-requests' => '1',
  'user-agent' => 'Mozilla/5.0 (Windows NT 10.0; Win64; x64) AppleWebKit/537.36 (KHTML, like Gecko) Chrome/92.0.4515.159 Safari/537.36',
  'accept' => 'text/html,application/xhtml+xml,application/xml;q=0.9,image/avif,image/webp,image/apng,*/*;q=0.8,application/signed-exchange;v=b3;q=0.9',
  'referer' => 'http://tp5.com/',
  'accept-encoding' => 'gzip, deflate',
  'accept-language' => 'zh-CN,zh;q=0.9',
)
[ info ] [ PARAM ] array (
)
[ info ] [ VIEW ] D:\wamp64\www\echo\application\index\view\index\login.html [ array (
) ]
---------------------------------------------------------------

[2022-03-28T21:40:02+08:00] ::1 POST tp5.com/index/index/loginpass.html
[运行时间：0.008575s] [吞吐率：116.62req/s] [内存消耗：523.01kb] [文件加载：65]
[ info ] [ LANG ] D:\wamp64\www\echo\thinkphp\lang\zh-cn.php
[ info ] [ ROUTE ] array (
)
[ info ] [ HEADER ] array (
  'host' => 'tp5.com',
  'connection' => 'keep-alive',
  'content-length' => '49',
  'cache-control' => 'max-age=0',
  'upgrade-insecure-requests' => '1',
  'origin' => 'http://tp5.com',
  'content-type' => 'application/x-www-form-urlencoded',
  'user-agent' => 'Mozilla/5.0 (Windows NT 10.0; Win64; x64) AppleWebKit/537.36 (KHTML, like Gecko) Chrome/92.0.4515.159 Safari/537.36',
  'accept' => 'text/html,application/xhtml+xml,application/xml;q=0.9,image/avif,image/webp,image/apng,*/*;q=0.8,application/signed-exchange;v=b3;q=0.9',
  'referer' => 'http://tp5.com/index/index/login.html',
  'accept-encoding' => 'gzip, deflate',
  'accept-language' => 'zh-CN,zh;q=0.9',
)
[ info ] [ PARAM ] array (
  'username' => '774399166',
  'password' => '123456',
  'submit' => 'Sign up',
)
[ info ] [ DB ] INIT mysql
[ sql ] [ DB ] CONNECT:[ UseTime:0.000652s ] mysql:host=127.0.0.1;dbname=echo;charset=utf8
[ sql ] [ SQL ] SHOW COLUMNS FROM `user` [ RunTime:0.000762s ]
[ sql ] [ SQL ] SELECT `password` FROM `user` WHERE  ( UserName=774399166 ) LIMIT 1 [ RunTime:0.000291s ]
[ sql ] [ SQL ] SELECT `Uid` FROM `user` WHERE  ( UserName=774399166 ) LIMIT 1 [ RunTime:0.000299s ]
